Using pre-set license
Built from '2023.2/staging' branch; Version is '2023.2.3f1 (21747dafc6ee) revision 2192509'; Using compiler version '193431935'; Build Type 'Release'
OS: 'Windows 10  (10.0.19045) 64bit Core' Language: 'en' Physical Memory: 8043 MB
BatchMode: 1, IsHumanControllingUs: 0, StartBugReporterOnCrash: 0, Is64bit: 1, IsPro: 1

COMMAND LINE ARGUMENTS:
E:\2023.2.3f1\Editor\Unity.exe
-adb2
-batchMode
-noUpm
-name
AssetImportWorker0
-projectPath
C:/Users/ACER/My animation
-logFile
Logs/AssetImportWorker0.log
-srvPort
62546
-job-worker-count
1
-background-job-worker-count
8
-asset-garbage-collectors
1
Successfully changed project path to: C:/Users/ACER/My animation
C:/Users/ACER/My animation
[UnityMemory] Configuration Parameters - Can be set up in boot.config
    "memorysetup-bucket-allocator-granularity=16"
    "memorysetup-bucket-allocator-bucket-count=8"
    "memorysetup-bucket-allocator-block-size=33554432"
    "memorysetup-bucket-allocator-block-count=8"
    "memorysetup-main-allocator-block-size=16777216"
    "memorysetup-thread-allocator-block-size=16777216"
    "memorysetup-gfx-main-allocator-block-size=16777216"
    "memorysetup-gfx-thread-allocator-block-size=16777216"
    "memorysetup-cache-allocator-block-size=4194304"
    "memorysetup-typetree-allocator-block-size=2097152"
    "memorysetup-profiler-bucket-allocator-granularity=16"
    "memorysetup-profiler-bucket-allocator-bucket-count=8"
    "memorysetup-profiler-bucket-allocator-block-size=33554432"
    "memorysetup-profiler-bucket-allocator-block-count=8"
    "memorysetup-profiler-allocator-block-size=16777216"
    "memorysetup-profiler-editor-allocator-block-size=1048576"
    "memorysetup-temp-allocator-size-main=16777216"
    "memorysetup-job-temp-allocator-block-size=2097152"
    "memorysetup-job-temp-allocator-block-size-background=1048576"
    "memorysetup-job-temp-allocator-reduction-small-platforms=262144"
    "memorysetup-allocator-temp-initial-block-size-main=262144"
    "memorysetup-allocator-temp-initial-block-size-worker=262144"
    "memorysetup-temp-allocator-size-background-worker=32768"
    "memorysetup-temp-allocator-size-job-worker=262144"
    "memorysetup-temp-allocator-size-preload-manager=33554432"
    "memorysetup-temp-allocator-size-nav-mesh-worker=65536"
    "memorysetup-temp-allocator-size-audio-worker=65536"
    "memorysetup-temp-allocator-size-cloud-worker=32768"
    "memorysetup-temp-allocator-size-gi-baking-worker=262144"
    "memorysetup-temp-allocator-size-gi-baking-worker=262144"
    "memorysetup-temp-allocator-size-gi-baking-worker=262144"
    "memorysetup-temp-allocator-size-gi-baking-worker=262144"
    "memorysetup-temp-allocator-size-gfx=262144"
Player connection [11992] Host "[IP] 192.168.56.1 [Port] 0 [Flags] 2 [Guid] 635926412 [EditorId] 635926412 [Version] 1048832 [Id] WindowsEditor(7,DESKTOP-1FNNCJ8) [Debug] 1 [PackageName] WindowsEditor [ProjectName] Editor" joined multi-casting on [225.0.0.222:54997]...
Player connection [11992] Host "[IP] 192.168.56.1 [Port] 0 [Flags] 2 [Guid] 635926412 [EditorId] 635926412 [Version] 1048832 [Id] WindowsEditor(7,DESKTOP-1FNNCJ8) [Debug] 1 [PackageName] WindowsEditor [ProjectName] Editor" joined alternative multi-casting on [225.0.0.222:34997]...
JobSystem: Creating JobQueue using job-worker-count value 1
[Physics::Module] Initialized MultithreadedJobDispatcher with 1 workers.
Library Redirect Path: Library/
Refreshing native plugins compatible for Editor in 4.56 ms, found 3 plugins.
Preloading 0 native plugins for Editor in 0.00 ms.
Initialize engine version: 2023.2.3f1 (21747dafc6ee)
[Subsystems] Discovering subsystems at path E:/2023.2.3f1/Editor/Data/Resources/UnitySubsystems
[Subsystems] Discovering subsystems at path C:/Users/ACER/My animation/Assets
GfxDevice: creating device client; kGfxThreadingModeNonThreaded
Direct3D:
    Version:  Direct3D 11.0 [level 11.0]
    Renderer: Intel(R) HD Graphics 3000 (ID=0x116)
    Vendor:   Intel
    VRAM:     1999 MB
    Driver:   9.17.10.4459
Initialize mono
Mono path[0] = 'E:/2023.2.3f1/Editor/Data/Managed'
Mono path[1] = 'E:/2023.2.3f1/Editor/Data/MonoBleedingEdge/lib/mono/unityjit-win32'
Mono config path = 'E:/2023.2.3f1/Editor/Data/MonoBleedingEdge/etc'
Using monoOptions --debugger-agent=transport=dt_socket,embedding=1,server=y,suspend=n,address=127.0.0.1:56664
Begin MonoManager ReloadAssembly
C:\build\output\Unity-Technologies\mono\mono\metadata\icall.c:1842:
C:\build\output\Unity-Technologies\mono\mono\metadata\icall.c:1842:
C:\build\output\Unity-Technologies\mono\mono\metadata\icall.c:1842:
C:\build\output\Unity-Technologies\mono\mono\metadata\icall.c:1842:
C:\build\output\Unity-Technologies\mono\mono\metadata\icall.c:1842:
C:\build\output\Unity-Technologies\mono\mono\metadata\icall.c:1842:
C:\build\output\Unity-Technologies\mono\mono\metadata\icall.c:1842:
C:\build\output\Unity-Technologies\mono\mono\metadata\icall.c:1842:
C:\build\output\Unity-Technologies\mono\mono\metadata\icall.c:1842:
C:\build\output\Unity-Technologies\mono\mono\metadata\icall.c:1842:
Registering precompiled unity dll's ...
Register platform support module: E:/2023.2.3f1/Editor/Data/PlaybackEngines/WebGLSupport/UnityEditor.WebGL.Extensions.dll
Register platform support module: E:/2023.2.3f1/Editor/Data/PlaybackEngines/WindowsStandaloneSupport/UnityEditor.WindowsStandalone.Extensions.dll
Register platform support module: E:/2023.2.3f1/Editor/Data/PlaybackEngines/AndroidPlayer/UnityEditor.Android.Extensions.dll
Registered in 0.018158 seconds.
- Loaded All Assemblies, in  1.543 seconds
Native extension for Android target not found
Android Extension - Scanning For ADB Devices 1035 ms
Native extension for WindowsStandalone target not found
Native extension for WebGL target not found
Mono: successfully reloaded assembly
C:\build\output\Unity-Technologies\mono\mono\metadata\icall.c:1842:
C:\build\output\Unity-Technologies\mono\mono\metadata\icall.c:1842:
- Finished resetting the current domain, in  2.648 seconds
Domain Reload Profiling: 4188ms
	BeginReloadAssembly (476ms)
		ExecutionOrderSort (0ms)
		DisableScriptedObjects (0ms)
		BackupInstance (0ms)
		ReleaseScriptingObjects (0ms)
		CreateAndSetChildDomain (3ms)
	RebuildCommonClasses (129ms)
	RebuildNativeTypeToScriptingClass (49ms)
	initialDomainReloadingComplete (205ms)
	LoadAllAssembliesAndSetupDomain (679ms)
		LoadAssemblies (475ms)
		RebuildTransferFunctionScriptingTraits (0ms)
		AnalyzeDomain (666ms)
			TypeCache.Refresh (663ms)
				TypeCache.ScanAssembly (622ms)
			BuildScriptInfoCaches (0ms)
			ResolveRequiredComponents (1ms)
	FinalizeReload (2650ms)
		ReleaseScriptCaches (0ms)
		RebuildScriptCaches (0ms)
		SetupLoadedEditorAssemblies (2434ms)
			LogAssemblyErrors (0ms)
			InitializePlatformSupportModulesInManaged (1471ms)
			SetLoadedEditorAssemblies (14ms)
			BeforeProcessingInitializeOnLoad (29ms)
			ProcessInitializeOnLoadAttributes (667ms)
			ProcessInitializeOnLoadMethodAttributes (252ms)
			AfterProcessingInitializeOnLoad (0ms)
			EditorAssembliesLoaded (0ms)
		ExecutionOrderSort2 (0ms)
		AwakeInstancesAfterBackupRestoration (0ms)
========================================================================
Worker process is ready to serve import requests
Import Worker Mode flag is 0x00
Begin MonoManager ReloadAssembly
C:\build\output\Unity-Technologies\mono\mono\metadata\icall.c:1842:
C:\build\output\Unity-Technologies\mono\mono\metadata\icall.c:1842:
C:\build\output\Unity-Technologies\mono\mono\metadata\icall.c:1842:
C:\build\output\Unity-Technologies\mono\mono\metadata\icall.c:1842:
C:\build\output\Unity-Technologies\mono\mono\metadata\icall.c:1842:
C:\build\output\Unity-Technologies\mono\mono\metadata\icall.c:1842:
C:\build\output\Unity-Technologies\mono\mono\metadata\icall.c:1842:
C:\build\output\Unity-Technologies\mono\mono\metadata\icall.c:1842:
C:\build\output\Unity-Technologies\mono\mono\metadata\icall.c:1842:
C:\build\output\Unity-Technologies\mono\mono\metadata\icall.c:1842:
C:\build\output\Unity-Technologies\mono\mono\metadata\icall.c:1842:
C:\build\output\Unity-Technologies\mono\mono\metadata\icall.c:1842:
Symbol file LoadedFromMemory doesn't match image C:\Users\ACER\My animation\Library\PackageCache\com.unity.visualscripting@1.8.0\Editor\VisualScripting.Core\Dependencies\YamlDotNet\Unity.VisualScripting.YamlDotNet.dll
Symbol file LoadedFromMemory doesn't match image C:\Users\ACER\My animation\Library\PackageCache\com.unity.visualscripting@1.8.0\Editor\VisualScripting.Core\Dependencies\DotNetZip\Unity.VisualScripting.IonicZip.dll
- Loaded All Assemblies, in  2.658 seconds
Refreshing native plugins compatible for Editor in 1.62 ms, found 3 plugins.
Native extension for Android target not found
Native extension for WindowsStandalone target not found
Native extension for WebGL target not found
Mono: successfully reloaded assembly
- Finished resetting the current domain, in  1.441 seconds
Domain Reload Profiling: 4095ms
	BeginReloadAssembly (1120ms)
		ExecutionOrderSort (0ms)
		DisableScriptedObjects (28ms)
		BackupInstance (0ms)
		ReleaseScriptingObjects (0ms)
		CreateAndSetChildDomain (83ms)
	RebuildCommonClasses (176ms)
	RebuildNativeTypeToScriptingClass (55ms)
	initialDomainReloadingComplete (142ms)
	LoadAllAssembliesAndSetupDomain (1161ms)
		LoadAssemblies (1051ms)
		RebuildTransferFunctionScriptingTraits (0ms)
		AnalyzeDomain (529ms)
			TypeCache.Refresh (478ms)
				TypeCache.ScanAssembly (446ms)
			BuildScriptInfoCaches (38ms)
			ResolveRequiredComponents (8ms)
	FinalizeReload (1442ms)
		ReleaseScriptCaches (0ms)
		RebuildScriptCaches (0ms)
		SetupLoadedEditorAssemblies (925ms)
			LogAssemblyErrors (0ms)
			InitializePlatformSupportModulesInManaged (50ms)
			SetLoadedEditorAssemblies (10ms)
			BeforeProcessingInitializeOnLoad (100ms)
			ProcessInitializeOnLoadAttributes (705ms)
			ProcessInitializeOnLoadMethodAttributes (55ms)
			AfterProcessingInitializeOnLoad (6ms)
			EditorAssembliesLoaded (0ms)
		ExecutionOrderSort2 (0ms)
		AwakeInstancesAfterBackupRestoration (20ms)
Launched and connected shader compiler UnityShaderCompiler.exe after 0.04 seconds
Refreshing native plugins compatible for Editor in 1.78 ms, found 3 plugins.
Preloading 0 native plugins for Editor in 0.00 ms.
Unloading 9 Unused Serialized files (Serialized files now loaded: 0)
Unloading 3130 unused Assets / (0.8 MB). Loaded Objects now: 3689.
Memory consumption went from 112.2 MB to 111.4 MB.
Total: 11.537400 ms (FindLiveObjects: 0.510900 ms CreateObjectMapping: 0.415400 ms MarkObjects: 8.575500 ms  DeleteObjects: 2.033000 ms)

========================================================================
Received Import Request.
  Time since last request: 8685.764086 seconds.
  path: Assets
  artifactKey: Guid(00000000000000001000000000000000) Importer(815301076,1909f56bfc062723c751e8b465ee728b)
Start importing Assets using Guid(00000000000000001000000000000000) Importer(815301076,1909f56bfc062723c751e8b465ee728b) (PreviewImporter) -> (artifact id: 'f34163397d7a73dad3366c662ac23692') in 0.0108975 seconds
Number of updated asset objects reloaded before import = 0Number of asset objects unloaded after import = 0

========================================================================
Received Import Request.
  Time since last request: 27.242695 seconds.
  path: Assets/New Folder
  artifactKey: Guid(f946eb5794f3b1542bd2cfb568705119) Importer(815301076,1909f56bfc062723c751e8b465ee728b)
Start importing Assets/New Folder using Guid(f946eb5794f3b1542bd2cfb568705119) Importer(815301076,1909f56bfc062723c751e8b465ee728b) (PreviewImporter) -> (artifact id: 'ab75cbef89b6dcc8550003573b0c793a') in 0.0014621 seconds
Number of updated asset objects reloaded before import = 0Number of asset objects unloaded after import = 0

========================================================================
Received Import Request.
  Time since last request: 11.634921 seconds.
  path: Assets/Model
  artifactKey: Guid(f946eb5794f3b1542bd2cfb568705119) Importer(815301076,1909f56bfc062723c751e8b465ee728b)
Start importing Assets/Model using Guid(f946eb5794f3b1542bd2cfb568705119) Importer(815301076,1909f56bfc062723c751e8b465ee728b) (PreviewImporter) -> (artifact id: '99eadf1f21f8ced589f8b146d3a55593') in 0.0013311 seconds
Number of updated asset objects reloaded before import = 0Number of asset objects unloaded after import = 0

========================================================================
Received Import Request.
  Time since last request: 9.105468 seconds.
  path: Assets/Model/Ch46_nonPBR.fbx
  artifactKey: Guid(12e8f2e3b8fe96c4587ac602f6ad3a70) Importer(815301076,1909f56bfc062723c751e8b465ee728b)
Start importing Assets/Model/Ch46_nonPBR.fbx using Guid(12e8f2e3b8fe96c4587ac602f6ad3a70) Importer(815301076,1909f56bfc062723c751e8b465ee728b) (PreviewImporter) -> (artifact id: 'b1796e718296680c6bcba1920e67a3ef') in 1.2865341 seconds
Number of updated asset objects reloaded before import = 0Number of asset objects unloaded after import = 140

========================================================================
Received Import Request.
  Time since last request: 0.000183 seconds.
  path: Assets/Model/none-Run.fbx
  artifactKey: Guid(163c4f4c389519c4bbb16af7e40f6afb) Importer(815301076,1909f56bfc062723c751e8b465ee728b)
Start importing Assets/Model/none-Run.fbx using Guid(163c4f4c389519c4bbb16af7e40f6afb) Importer(815301076,1909f56bfc062723c751e8b465ee728b) (PreviewImporter) -> (artifact id: '68d45662a552a25e93be1a52929401c8') in 0.0152896 seconds
Number of updated asset objects reloaded before import = 0Number of asset objects unloaded after import = 135

========================================================================
Received Import Request.
  Time since last request: 0.000071 seconds.
  path: Assets/Model/none-Flying Kick.fbx
  artifactKey: Guid(65443255dc35bc84991d2bed753fc8d8) Importer(815301076,1909f56bfc062723c751e8b465ee728b)
Start importing Assets/Model/none-Flying Kick.fbx using Guid(65443255dc35bc84991d2bed753fc8d8) Importer(815301076,1909f56bfc062723c751e8b465ee728b) (PreviewImporter) -> (artifact id: '3c6315638f81b7e25e187a7c914ee889') in 0.0223461 seconds
Number of updated asset objects reloaded before import = 0Number of asset objects unloaded after import = 135

========================================================================
Received Import Request.
  Time since last request: 0.000048 seconds.
  path: Assets/Model/none-Idle.fbx
  artifactKey: Guid(5412e28a02005a44399c7757aad54dd8) Importer(815301076,1909f56bfc062723c751e8b465ee728b)
Start importing Assets/Model/none-Idle.fbx using Guid(5412e28a02005a44399c7757aad54dd8) Importer(815301076,1909f56bfc062723c751e8b465ee728b) (PreviewImporter) -> (artifact id: 'bad14c918ee26a97d0915110d4883138') in 0.0180898 seconds
Number of updated asset objects reloaded before import = 0Number of asset objects unloaded after import = 135

========================================================================
Received Import Request.
  Time since last request: 165.438607 seconds.
  path: Assets/Model/Ch46_nonPBR.fbx
  artifactKey: Guid(12e8f2e3b8fe96c4587ac602f6ad3a70) Importer(815301076,1909f56bfc062723c751e8b465ee728b)
Start importing Assets/Model/Ch46_nonPBR.fbx using Guid(12e8f2e3b8fe96c4587ac602f6ad3a70) Importer(815301076,1909f56bfc062723c751e8b465ee728b) (PreviewImporter) -> (artifact id: 'e10e6439f9350ea0e126b62f8be3d044') in 0.7173953 seconds
Number of updated asset objects reloaded before import = 0Number of asset objects unloaded after import = 142

========================================================================
Received Import Request.
  Time since last request: 7.982881 seconds.
  path: Assets/Model/Ch46_nonPBR.fbx
  artifactKey: Guid(12e8f2e3b8fe96c4587ac602f6ad3a70) Importer(815301076,1909f56bfc062723c751e8b465ee728b)
Start importing Assets/Model/Ch46_nonPBR.fbx using Guid(12e8f2e3b8fe96c4587ac602f6ad3a70) Importer(815301076,1909f56bfc062723c751e8b465ee728b) (PreviewImporter) -> (artifact id: 'e2610d5f16c760ba9498612bbb404da3') in 0.1423165 seconds
Number of updated asset objects reloaded before import = 0Number of asset objects unloaded after import = 142

========================================================================
Received Import Request.
  Time since last request: 40.006309 seconds.
  path: Assets/Model/Ch46_nonPBR.fbx
  artifactKey: Guid(12e8f2e3b8fe96c4587ac602f6ad3a70) Importer(815301076,1909f56bfc062723c751e8b465ee728b)
Start importing Assets/Model/Ch46_nonPBR.fbx using Guid(12e8f2e3b8fe96c4587ac602f6ad3a70) Importer(815301076,1909f56bfc062723c751e8b465ee728b) (PreviewImporter) -> (artifact id: 'ade6c1cd6997069482a5e43dac018ca9') in 0.0861977 seconds
Number of updated asset objects reloaded before import = 0Number of asset objects unloaded after import = 142

========================================================================
Received Import Request.
  Time since last request: 18.962016 seconds.
  path: Assets/Model/Materials/Ch46_body.mat
  artifactKey: Guid(d59dd148ec96eb14882a908d9186c64d) Importer(815301076,1909f56bfc062723c751e8b465ee728b)
Start importing Assets/Model/Materials/Ch46_body.mat using Guid(d59dd148ec96eb14882a908d9186c64d) Importer(815301076,1909f56bfc062723c751e8b465ee728b) (PreviewImporter) -> (artifact id: 'faa433d312f0cde947cb0fa89b7bc5f3') in 0.0553288 seconds
Number of updated asset objects reloaded before import = 0Number of asset objects unloaded after import = 3

========================================================================
Received Import Request.
  Time since last request: 0.000039 seconds.
  path: Assets/Model/Materials
  artifactKey: Guid(db4a49b3dfde1ce429c691f1fda41dd0) Importer(815301076,1909f56bfc062723c751e8b465ee728b)
Start importing Assets/Model/Materials using Guid(db4a49b3dfde1ce429c691f1fda41dd0) Importer(815301076,1909f56bfc062723c751e8b465ee728b) (PreviewImporter) -> (artifact id: '553e9d217cad7536ada8efa14368f43c') in 0.0017699 seconds
Number of updated asset objects reloaded before import = 0Number of asset objects unloaded after import = 0

========================================================================
Received Import Request.
  Time since last request: 121.134598 seconds.
  path: Assets/Model/Textures/Ch46_1001_Diffuse.png
  artifactKey: Guid(ebdbb99cd0d5fc54281d8d6b7578dbc6) Importer(815301076,1909f56bfc062723c751e8b465ee728b)
Start importing Assets/Model/Textures/Ch46_1001_Diffuse.png using Guid(ebdbb99cd0d5fc54281d8d6b7578dbc6) Importer(815301076,1909f56bfc062723c751e8b465ee728b) (PreviewImporter) -> (artifact id: '3149580f86fdc0cdb46c0d0a19b1f28e') in 0.081068 seconds
Number of updated asset objects reloaded before import = 0Number of asset objects unloaded after import = 2

========================================================================
Received Import Request.
  Time since last request: 0.000037 seconds.
  path: Assets/Model/Textures/Ch46_1001_Normal.png
  artifactKey: Guid(8e2e007f50e702345a723b2e3657245d) Importer(815301076,1909f56bfc062723c751e8b465ee728b)
Start importing Assets/Model/Textures/Ch46_1001_Normal.png using Guid(8e2e007f50e702345a723b2e3657245d) Importer(815301076,1909f56bfc062723c751e8b465ee728b) (PreviewImporter) -> (artifact id: '82783fab763c68fd19a9120bf9daa48f') in 0.051303 seconds
Number of updated asset objects reloaded before import = 0Number of asset objects unloaded after import = 2

========================================================================
Received Import Request.
  Time since last request: 0.000080 seconds.
  path: Assets/Model/Textures/Ch46_1001_Glossiness.png
  artifactKey: Guid(86d4e0cfab71e1b45833c45c96a06bb0) Importer(815301076,1909f56bfc062723c751e8b465ee728b)
Start importing Assets/Model/Textures/Ch46_1001_Glossiness.png using Guid(86d4e0cfab71e1b45833c45c96a06bb0) Importer(815301076,1909f56bfc062723c751e8b465ee728b) (PreviewImporter) -> (artifact id: 'af70b145daef661cc3894ed0b758e5dc') in 0.0368265 seconds
Number of updated asset objects reloaded before import = 0Number of asset objects unloaded after import = 2

========================================================================
Received Import Request.
  Time since last request: 0.000089 seconds.
  path: Assets/Model/Textures/Ch46_1001_Specular.png
  artifactKey: Guid(771d22e10c5795444ae73f299d0b1cdd) Importer(815301076,1909f56bfc062723c751e8b465ee728b)
Start importing Assets/Model/Textures/Ch46_1001_Specular.png using Guid(771d22e10c5795444ae73f299d0b1cdd) Importer(815301076,1909f56bfc062723c751e8b465ee728b) (PreviewImporter) -> (artifact id: '50c92291af0f1569c8ccf6ccb556ceee') in 0.0321247 seconds
Number of updated asset objects reloaded before import = 0Number of asset objects unloaded after import = 2

========================================================================
Received Import Request.
  Time since last request: 3.913356 seconds.
  path: Assets/Scenes/SampleScene.unity
  artifactKey: Guid(9fc0d4010bbf28b4594072e72b8655ab) Importer(815301076,1909f56bfc062723c751e8b465ee728b)
Start importing Assets/Scenes/SampleScene.unity using Guid(9fc0d4010bbf28b4594072e72b8655ab) Importer(815301076,1909f56bfc062723c751e8b465ee728b) (PreviewImporter) -> (artifact id: '74fc8f8b714d5966f523153cf0274ab2') in 0.0013343 seconds
Number of updated asset objects reloaded before import = 0Number of asset objects unloaded after import = 0

========================================================================
Received Import Request.
  Time since last request: 12.384077 seconds.
  path: Assets/Scenes/Game.unity
  artifactKey: Guid(9fc0d4010bbf28b4594072e72b8655ab) Importer(815301076,1909f56bfc062723c751e8b465ee728b)
Start importing Assets/Scenes/Game.unity using Guid(9fc0d4010bbf28b4594072e72b8655ab) Importer(815301076,1909f56bfc062723c751e8b465ee728b) (PreviewImporter) -> (artifact id: '60bdc61978189813820a365aaa65f402') in 0.0011143 seconds
Number of updated asset objects reloaded before import = 0Number of asset objects unloaded after import = 0

========================================================================
Received Import Request.
  Time since last request: 15.820494 seconds.
  path: Assets/Model/Ch46_nonPBR.fbx
  artifactKey: Guid(12e8f2e3b8fe96c4587ac602f6ad3a70) Importer(2089858483,192608db42251d675da83286b1cce702)
Start importing Assets/Model/Ch46_nonPBR.fbx using Guid(12e8f2e3b8fe96c4587ac602f6ad3a70) Importer(2089858483,192608db42251d675da83286b1cce702) (ScriptedImporter)Generated GUIDs only implemented for interfaces!
 -> (artifact id: 'f320bc5d85179441e0ccac981cadb61c') in 0.290123 seconds
Number of updated asset objects reloaded before import = 0Number of asset objects unloaded after import = 139

========================================================================
Received Import Request.
  Time since last request: 0.000049 seconds.
  path: Assets/Model/Materials/Ch46_body.mat
  artifactKey: Guid(d59dd148ec96eb14882a908d9186c64d) Importer(2089858483,192608db42251d675da83286b1cce702)
Start importing Assets/Model/Materials/Ch46_body.mat using Guid(d59dd148ec96eb14882a908d9186c64d) Importer(2089858483,192608db42251d675da83286b1cce702) (ScriptedImporter)Generated GUIDs only implemented for interfaces!
 -> (artifact id: '062022972f3be09a874a73df1bbf7da4') in 0.0386375 seconds
Number of updated asset objects reloaded before import = 0Number of asset objects unloaded after import = 3

========================================================================
Received Import Request.
  Time since last request: 0.000049 seconds.
  path: Assets/Model/Textures/Ch46_1001_Diffuse.png
  artifactKey: Guid(ebdbb99cd0d5fc54281d8d6b7578dbc6) Importer(2089858483,192608db42251d675da83286b1cce702)
Start importing Assets/Model/Textures/Ch46_1001_Diffuse.png using Guid(ebdbb99cd0d5fc54281d8d6b7578dbc6) Importer(2089858483,192608db42251d675da83286b1cce702) (ScriptedImporter)Generated GUIDs only implemented for interfaces!
 -> (artifact id: '586d75459daf393411a851f6c8460083') in 0.1056931 seconds
Number of updated asset objects reloaded before import = 0Number of asset objects unloaded after import = 1

========================================================================
Received Import Request.
  Time since last request: 0.000101 seconds.
  path: Assets/Scenes/Game.unity
  artifactKey: Guid(9fc0d4010bbf28b4594072e72b8655ab) Importer(2089858483,192608db42251d675da83286b1cce702)
Start importing Assets/Scenes/Game.unity using Guid(9fc0d4010bbf28b4594072e72b8655ab) Importer(2089858483,192608db42251d675da83286b1cce702) (ScriptedImporter)Generated GUIDs only implemented for interfaces!
 -> (artifact id: '4a9eded6631f186c2adcfb9602291481') in 0.0175283 seconds
Number of updated asset objects reloaded before import = 0Number of asset objects unloaded after import = 1

========================================================================
Received Import Request.
  Time since last request: 0.000104 seconds.
  path: Assets/Model/Textures/Ch46_1001_Normal.png
  artifactKey: Guid(8e2e007f50e702345a723b2e3657245d) Importer(2089858483,192608db42251d675da83286b1cce702)
Start importing Assets/Model/Textures/Ch46_1001_Normal.png using Guid(8e2e007f50e702345a723b2e3657245d) Importer(2089858483,192608db42251d675da83286b1cce702) (ScriptedImporter)Generated GUIDs only implemented for interfaces!
 -> (artifact id: 'bd1106f65d3255ef3c522e97653d9776') in 0.0507699 seconds
Number of updated asset objects reloaded before import = 0Number of asset objects unloaded after import = 1

========================================================================
Received Import Request.
  Time since last request: 0.000079 seconds.
  path: Assets/Model/none-Idle.fbx
  artifactKey: Guid(5412e28a02005a44399c7757aad54dd8) Importer(2089858483,192608db42251d675da83286b1cce702)
Start importing Assets/Model/none-Idle.fbx using Guid(5412e28a02005a44399c7757aad54dd8) Importer(2089858483,192608db42251d675da83286b1cce702) (ScriptedImporter)Generated GUIDs only implemented for interfaces!
 -> (artifact id: '77f1cd2238c849cd4381e3f983df860b') in 0.0485625 seconds
Number of updated asset objects reloaded before import = 0Number of asset objects unloaded after import = 135

========================================================================
Received Import Request.
  Time since last request: 0.000046 seconds.
  path: Assets/Model/Textures/Ch46_1001_Glossiness.png
  artifactKey: Guid(86d4e0cfab71e1b45833c45c96a06bb0) Importer(2089858483,192608db42251d675da83286b1cce702)
Start importing Assets/Model/Textures/Ch46_1001_Glossiness.png using Guid(86d4e0cfab71e1b45833c45c96a06bb0) Importer(2089858483,192608db42251d675da83286b1cce702) (ScriptedImporter)Generated GUIDs only implemented for interfaces!
 -> (artifact id: '9576218e635245f076c99a1df9104fe6') in 0.0591991 seconds
Number of updated asset objects reloaded before import = 0Number of asset objects unloaded after import = 1

========================================================================
Received Import Request.
  Time since last request: 0.000109 seconds.
  path: Assets/Model/Textures/Ch46_1001_Specular.png
  artifactKey: Guid(771d22e10c5795444ae73f299d0b1cdd) Importer(2089858483,192608db42251d675da83286b1cce702)
Start importing Assets/Model/Textures/Ch46_1001_Specular.png using Guid(771d22e10c5795444ae73f299d0b1cdd) Importer(2089858483,192608db42251d675da83286b1cce702) (ScriptedImporter)Generated GUIDs only implemented for interfaces!
 -> (artifact id: '9b769cb574fa7595ebaf517b7bb08a6b') in 0.0454022 seconds
Number of updated asset objects reloaded before import = 0Number of asset objects unloaded after import = 1

========================================================================
Received Import Request.
  Time since last request: 0.000184 seconds.
  path: Assets/Model/none-Flying Kick.fbx
  artifactKey: Guid(65443255dc35bc84991d2bed753fc8d8) Importer(2089858483,192608db42251d675da83286b1cce702)
Start importing Assets/Model/none-Flying Kick.fbx using Guid(65443255dc35bc84991d2bed753fc8d8) Importer(2089858483,192608db42251d675da83286b1cce702) (ScriptedImporter)Generated GUIDs only implemented for interfaces!
 -> (artifact id: '7ca5ee00f75d2e8b8ef9571c3de5a08b') in 0.0501953 seconds
Number of updated asset objects reloaded before import = 0Number of asset objects unloaded after import = 135

========================================================================
Received Import Request.
  Time since last request: 0.000031 seconds.
  path: Assets/Model/none-Run.fbx
  artifactKey: Guid(163c4f4c389519c4bbb16af7e40f6afb) Importer(2089858483,192608db42251d675da83286b1cce702)
Start importing Assets/Model/none-Run.fbx using Guid(163c4f4c389519c4bbb16af7e40f6afb) Importer(2089858483,192608db42251d675da83286b1cce702) (ScriptedImporter)Generated GUIDs only implemented for interfaces!
 -> (artifact id: '9a23967fcbf48f8f3035ce971608342d') in 0.0499467 seconds
Number of updated asset objects reloaded before import = 0Number of asset objects unloaded after import = 135

========================================================================
Received Import Request.
  Time since last request: 15.236012 seconds.
  path: Assets/Scenes/New Lighting Settings.lighting
  artifactKey: Guid(124367889e0ca9147be111edfc021796) Importer(2089858483,192608db42251d675da83286b1cce702)
Start importing Assets/Scenes/New Lighting Settings.lighting using Guid(124367889e0ca9147be111edfc021796) Importer(2089858483,192608db42251d675da83286b1cce702) (ScriptedImporter)Generated GUIDs only implemented for interfaces!
 -> (artifact id: 'e0a38a62593acf9d5d444f9a6f553dd8') in 0.054605 seconds
Number of updated asset objects reloaded before import = 0Number of asset objects unloaded after import = 1

========================================================================
Received Import Request.
  Time since last request: 4.119441 seconds.
  path: Assets/Scenes/New Lighting Settings 1.lighting
  artifactKey: Guid(7111dbb65783a764c8fc58f3041409e9) Importer(815301076,1909f56bfc062723c751e8b465ee728b)
Start importing Assets/Scenes/New Lighting Settings 1.lighting using Guid(7111dbb65783a764c8fc58f3041409e9) Importer(815301076,1909f56bfc062723c751e8b465ee728b) (PreviewImporter) -> (artifact id: 'caaf5e03f3a0dce0cf1ff7a447c27f2e') in 0.0019703 seconds
Number of updated asset objects reloaded before import = 0Number of asset objects unloaded after import = 1

========================================================================
Received Import Request.
  Time since last request: 0.173991 seconds.
  path: Assets/Scenes/New Lighting Settings.lighting
  artifactKey: Guid(124367889e0ca9147be111edfc021796) Importer(815301076,1909f56bfc062723c751e8b465ee728b)
Start importing Assets/Scenes/New Lighting Settings.lighting using Guid(124367889e0ca9147be111edfc021796) Importer(815301076,1909f56bfc062723c751e8b465ee728b) (PreviewImporter) -> (artifact id: '329f4450b42017697b950df3c676bc59') in 0.0025172 seconds
Number of updated asset objects reloaded before import = 0Number of asset objects unloaded after import = 1

========================================================================
Received Import Request.
  Time since last request: 0.800216 seconds.
  path: Assets/Scenes/New Lighting Settings 1.lighting
  artifactKey: Guid(7111dbb65783a764c8fc58f3041409e9) Importer(2089858483,192608db42251d675da83286b1cce702)
Start importing Assets/Scenes/New Lighting Settings 1.lighting using Guid(7111dbb65783a764c8fc58f3041409e9) Importer(2089858483,192608db42251d675da83286b1cce702) (ScriptedImporter)Generated GUIDs only implemented for interfaces!
 -> (artifact id: '62824ebd7c76dba0d60c4bab988d8ab8') in 0.0536523 seconds
Number of updated asset objects reloaded before import = 0Number of asset objects unloaded after import = 1

========================================================================
Received Import Request.
  Time since last request: 25.268259 seconds.
  path: Assets/Scenes/MainLighting.lighting
  artifactKey: Guid(124367889e0ca9147be111edfc021796) Importer(815301076,1909f56bfc062723c751e8b465ee728b)
Start importing Assets/Scenes/MainLighting.lighting using Guid(124367889e0ca9147be111edfc021796) Importer(815301076,1909f56bfc062723c751e8b465ee728b) (PreviewImporter) -> (artifact id: 'eca08aaa9f15668558875c1727001d89') in 0.001978 seconds
Number of updated asset objects reloaded before import = 0Number of asset objects unloaded after import = 1

========================================================================
Received Import Request.
  Time since last request: 0.948192 seconds.
  path: Assets/Scenes/MainLighting.lighting
  artifactKey: Guid(124367889e0ca9147be111edfc021796) Importer(2089858483,192608db42251d675da83286b1cce702)
Start importing Assets/Scenes/MainLighting.lighting using Guid(124367889e0ca9147be111edfc021796) Importer(2089858483,192608db42251d675da83286b1cce702) (ScriptedImporter)Generated GUIDs only implemented for interfaces!
 -> (artifact id: 'b1a277d2cbef51ee4c5f2ae5b57718e2') in 0.0406766 seconds
Number of updated asset objects reloaded before import = 0Number of asset objects unloaded after import = 1

========================================================================
Received Import Request.
  Time since last request: 24.998556 seconds.
  path: Assets/Scenes
  artifactKey: Guid(f46b0035fdfd5ef4db52a8251f502790) Importer(815301076,1909f56bfc062723c751e8b465ee728b)
Start importing Assets/Scenes using Guid(f46b0035fdfd5ef4db52a8251f502790) Importer(815301076,1909f56bfc062723c751e8b465ee728b) (PreviewImporter) -> (artifact id: '6f30a4289633e028d987cfbfa7d7bc90') in 0.0010005 seconds
Number of updated asset objects reloaded before import = 0Number of asset objects unloaded after import = 0

========================================================================
Received Import Request.
  Time since last request: 39.437560 seconds.
  path: Assets/Model/Textures
  artifactKey: Guid(004ffe6b9a212d2449098a0b5cac70bf) Importer(815301076,1909f56bfc062723c751e8b465ee728b)
Start importing Assets/Model/Textures using Guid(004ffe6b9a212d2449098a0b5cac70bf) Importer(815301076,1909f56bfc062723c751e8b465ee728b) (PreviewImporter) -> (artifact id: 'e36bca8e8ebe6c15f1d20ddea9110099') in 0.0015639 seconds
Number of updated asset objects reloaded before import = 0Number of asset objects unloaded after import = 0

========================================================================
Received Import Request.
  Time since last request: 11.186442 seconds.
  path: Assets/Model/Textures/Plan
  artifactKey: Guid(06f4302bd56328642a460a5e7c992aa9) Importer(815301076,1909f56bfc062723c751e8b465ee728b)
Start importing Assets/Model/Textures/Plan using Guid(06f4302bd56328642a460a5e7c992aa9) Importer(815301076,1909f56bfc062723c751e8b465ee728b) (PreviewImporter) -> (artifact id: '1afd2fef2ddff4f0d4aec17adb237384') in 0.001843 seconds
Number of updated asset objects reloaded before import = 0Number of asset objects unloaded after import = 0

========================================================================
Received Import Request.
  Time since last request: 0.950640 seconds.
  path: Assets/Model/Textures/Plan
  artifactKey: Guid(06f4302bd56328642a460a5e7c992aa9) Importer(2089858483,192608db42251d675da83286b1cce702)
Start importing Assets/Model/Textures/Plan using Guid(06f4302bd56328642a460a5e7c992aa9) Importer(2089858483,192608db42251d675da83286b1cce702) (ScriptedImporter)Generated GUIDs only implemented for interfaces!
 -> (artifact id: '4441b85cc5e04f61533f126370d7fcd2') in 0.0224203 seconds
Number of updated asset objects reloaded before import = 0Number of asset objects unloaded after import = 1

========================================================================
Received Import Request.
  Time since last request: 11.489704 seconds.
  path: Assets/Model/Textures/Plane
  artifactKey: Guid(06f4302bd56328642a460a5e7c992aa9) Importer(815301076,1909f56bfc062723c751e8b465ee728b)
Start importing Assets/Model/Textures/Plane using Guid(06f4302bd56328642a460a5e7c992aa9) Importer(815301076,1909f56bfc062723c751e8b465ee728b) (PreviewImporter) -> (artifact id: 'f4a03adf9362754498c96aca89eaac4a') in 0.0019877 seconds
Number of updated asset objects reloaded before import = 0Number of asset objects unloaded after import = 0

========================================================================
Received Import Request.
  Time since last request: 0.937358 seconds.
  path: Assets/Model/Textures/Plane
  artifactKey: Guid(06f4302bd56328642a460a5e7c992aa9) Importer(2089858483,192608db42251d675da83286b1cce702)
Start importing Assets/Model/Textures/Plane using Guid(06f4302bd56328642a460a5e7c992aa9) Importer(2089858483,192608db42251d675da83286b1cce702) (ScriptedImporter)Generated GUIDs only implemented for interfaces!
 -> (artifact id: '5191087c1d3dd5d8c2f689abbb9a68a3') in 0.0233148 seconds
Number of updated asset objects reloaded before import = 0Number of asset objects unloaded after import = 1

========================================================================
Received Import Request.
  Time since last request: 174.364334 seconds.
  path: Assets/Model/Textures/Plane/d40263b5ffca8dc1bd4377235cf720ca.jpg
  artifactKey: Guid(9879589b339c56649a868f0336911ad8) Importer(815301076,1909f56bfc062723c751e8b465ee728b)
Start importing Assets/Model/Textures/Plane/d40263b5ffca8dc1bd4377235cf720ca.jpg using Guid(9879589b339c56649a868f0336911ad8) Importer(815301076,1909f56bfc062723c751e8b465ee728b) (PreviewImporter) -> (artifact id: '55f8189a86e4ceb5d82f537931e804bd') in 0.0987874 seconds
Number of updated asset objects reloaded before import = 0Number of asset objects unloaded after import = 2

========================================================================
Received Import Request.
  Time since last request: 0.881361 seconds.
  path: Assets/Model/Textures/Plane/d40263b5ffca8dc1bd4377235cf720ca.jpg
  artifactKey: Guid(9879589b339c56649a868f0336911ad8) Importer(2089858483,192608db42251d675da83286b1cce702)
Start importing Assets/Model/Textures/Plane/d40263b5ffca8dc1bd4377235cf720ca.jpg using Guid(9879589b339c56649a868f0336911ad8) Importer(2089858483,192608db42251d675da83286b1cce702) (ScriptedImporter)Generated GUIDs only implemented for interfaces!
 -> (artifact id: '0c788091b78a80dcfa3a6946c0e55516') in 0.0905898 seconds
Number of updated asset objects reloaded before import = 0Number of asset objects unloaded after import = 1

========================================================================
Received Import Request.
  Time since last request: 38.799339 seconds.
  path: Assets/Model/Materials/Grounds.mat
  artifactKey: Guid(ecf88b3ca09e43a41aee3ffbf4a5b272) Importer(815301076,1909f56bfc062723c751e8b465ee728b)
Start importing Assets/Model/Materials/Grounds.mat using Guid(ecf88b3ca09e43a41aee3ffbf4a5b272) Importer(815301076,1909f56bfc062723c751e8b465ee728b) (PreviewImporter) -> (artifact id: '1f02326886908ecda5a994fae8dadbd0') in 0.1138803 seconds
Number of updated asset objects reloaded before import = 0Number of asset objects unloaded after import = 1

========================================================================
Received Import Request.
  Time since last request: 0.828121 seconds.
  path: Assets/Model/Materials/Grounds.mat
  artifactKey: Guid(ecf88b3ca09e43a41aee3ffbf4a5b272) Importer(2089858483,192608db42251d675da83286b1cce702)
Start importing Assets/Model/Materials/Grounds.mat using Guid(ecf88b3ca09e43a41aee3ffbf4a5b272) Importer(2089858483,192608db42251d675da83286b1cce702) (ScriptedImporter)Generated GUIDs only implemented for interfaces!
 -> (artifact id: 'e2b9ef680d4be252db5151ec843ae010') in 0.0437281 seconds
Number of updated asset objects reloaded before import = 0Number of asset objects unloaded after import = 1

========================================================================
Received Import Request.
  Time since last request: 4089.216106 seconds.
  path: Assets/Model/New Folder
  artifactKey: Guid(1a595c708c00bc14d9fe5b6639fbbe34) Importer(815301076,1909f56bfc062723c751e8b465ee728b)
Start importing Assets/Model/New Folder using Guid(1a595c708c00bc14d9fe5b6639fbbe34) Importer(815301076,1909f56bfc062723c751e8b465ee728b) (PreviewImporter) -> (artifact id: 'a812f608fe6d3a881c54a063ae8adbd7') in 0.0042469 seconds
Number of updated asset objects reloaded before import = 0Number of asset objects unloaded after import = 0

========================================================================
Received Import Request.
  Time since last request: 0.923559 seconds.
  path: Assets/Model/New Folder
  artifactKey: Guid(1a595c708c00bc14d9fe5b6639fbbe34) Importer(2089858483,192608db42251d675da83286b1cce702)
Start importing Assets/Model/New Folder using Guid(1a595c708c00bc14d9fe5b6639fbbe34) Importer(2089858483,192608db42251d675da83286b1cce702) (ScriptedImporter)Generated GUIDs only implemented for interfaces!
 -> (artifact id: '288e0c9738b3bfe658ca4ef7179c2826') in 0.0352235 seconds
Number of updated asset objects reloaded before import = 0Number of asset objects unloaded after import = 1

========================================================================
Received Import Request.
  Time since last request: 11.754834 seconds.
  path: Assets/Model/Script
  artifactKey: Guid(1a595c708c00bc14d9fe5b6639fbbe34) Importer(815301076,1909f56bfc062723c751e8b465ee728b)
Start importing Assets/Model/Script using Guid(1a595c708c00bc14d9fe5b6639fbbe34) Importer(815301076,1909f56bfc062723c751e8b465ee728b) (PreviewImporter) -> (artifact id: '44fe8aa7f1d11526df46cd4c96ff851a') in 0.0012532 seconds
Number of updated asset objects reloaded before import = 0Number of asset objects unloaded after import = 0

========================================================================
Received Import Request.
  Time since last request: 0.938937 seconds.
  path: Assets/Model/Script
  artifactKey: Guid(1a595c708c00bc14d9fe5b6639fbbe34) Importer(2089858483,192608db42251d675da83286b1cce702)
Start importing Assets/Model/Script using Guid(1a595c708c00bc14d9fe5b6639fbbe34) Importer(2089858483,192608db42251d675da83286b1cce702) (ScriptedImporter)Generated GUIDs only implemented for interfaces!
 -> (artifact id: '0a3f558ff1c8bebee6e16b7aa393f8ba') in 0.0240579 seconds
Number of updated asset objects reloaded before import = 0Number of asset objects unloaded after import = 1

========================================================================
Received Import Request.
  Time since last request: 39.607001 seconds.
  path: Assets/Model/player.controller
  artifactKey: Guid(271974e026ad69c47b145ded83d026fc) Importer(815301076,1909f56bfc062723c751e8b465ee728b)
Start importing Assets/Model/player.controller using Guid(271974e026ad69c47b145ded83d026fc) Importer(815301076,1909f56bfc062723c751e8b465ee728b) (PreviewImporter) -> (artifact id: '8b0cd7c3b23a41012a24ac9ce0c8ecb5') in 0.0249948 seconds
Number of updated asset objects reloaded before import = 0Number of asset objects unloaded after import = 1

========================================================================
Received Import Request.
  Time since last request: 0.892238 seconds.
  path: Assets/Model/player.controller
  artifactKey: Guid(271974e026ad69c47b145ded83d026fc) Importer(2089858483,192608db42251d675da83286b1cce702)
Start importing Assets/Model/player.controller using Guid(271974e026ad69c47b145ded83d026fc) Importer(2089858483,192608db42251d675da83286b1cce702) (ScriptedImporter)Generated GUIDs only implemented for interfaces!
 -> (artifact id: 'add5b4946b974795a1f531082bc56fe6') in 0.0741866 seconds
Number of updated asset objects reloaded before import = 0Number of asset objects unloaded after import = 1

========================================================================
Received Import Request.
  Time since last request: 129.196375 seconds.
  path: Assets/Model/none-Idle.fbx
  artifactKey: Guid(5412e28a02005a44399c7757aad54dd8) Importer(815301076,1909f56bfc062723c751e8b465ee728b)
Start importing Assets/Model/none-Idle.fbx using Guid(5412e28a02005a44399c7757aad54dd8) Importer(815301076,1909f56bfc062723c751e8b465ee728b) (PreviewImporter) -> (artifact id: 'fa75b42e976fb04f2b350e25a9a3fb67') in 0.021638 seconds
Number of updated asset objects reloaded before import = 0Number of asset objects unloaded after import = 135

========================================================================
Received Import Request.
  Time since last request: 0.942813 seconds.
  path: Assets/Model/none-Idle.fbx
  artifactKey: Guid(5412e28a02005a44399c7757aad54dd8) Importer(2089858483,192608db42251d675da83286b1cce702)
Start importing Assets/Model/none-Idle.fbx using Guid(5412e28a02005a44399c7757aad54dd8) Importer(2089858483,192608db42251d675da83286b1cce702) (ScriptedImporter)Generated GUIDs only implemented for interfaces!
 -> (artifact id: '1b552dab526a8b60b9d1c2bc9f7b9703') in 0.0710561 seconds
Number of updated asset objects reloaded before import = 0Number of asset objects unloaded after import = 135

========================================================================
Received Prepare
Refreshing native plugins compatible for Editor in 2.04 ms, found 3 plugins.
Preloading 0 native plugins for Editor in 0.00 ms.
Unloading 0 Unused Serialized files (Serialized files now loaded: 0)
Unloading 3124 unused Assets / (0.9 MB). Loaded Objects now: 3743.
Memory consumption went from 121.4 MB to 120.5 MB.
Total: 58.889300 ms (FindLiveObjects: 2.065600 ms CreateObjectMapping: 1.011800 ms MarkObjects: 53.688600 ms  DeleteObjects: 2.120200 ms)

Prepare: number of updated asset objects reloaded= 0
========================================================================
Received Import Request.
  Time since last request: 96.038138 seconds.
  path: Assets/Model/Script/NewBehaviourScript.cs
  artifactKey: Guid(9d8020f823503db4bafb9796f86672fc) Importer(815301076,1909f56bfc062723c751e8b465ee728b)
Start importing Assets/Model/Script/NewBehaviourScript.cs using Guid(9d8020f823503db4bafb9796f86672fc) Importer(815301076,1909f56bfc062723c751e8b465ee728b) (PreviewImporter) -> (artifact id: '44661d82399d494393a386b8601f40dd') in 0.0071859 seconds
Number of updated asset objects reloaded before import = 0Number of asset objects unloaded after import = 0

========================================================================
Received Import Request.
  Time since last request: 0.688348 seconds.
  path: Assets/Model/Script/NewBehaviourScript.cs
  artifactKey: Guid(9d8020f823503db4bafb9796f86672fc) Importer(2089858483,192608db42251d675da83286b1cce702)
Start importing Assets/Model/Script/NewBehaviourScript.cs using Guid(9d8020f823503db4bafb9796f86672fc) Importer(2089858483,192608db42251d675da83286b1cce702) (ScriptedImporter)Generated GUIDs only implemented for interfaces!
 -> (artifact id: 'ccc61cad5f7e144b450fd3df5370624f') in 0.0381081 seconds
Number of updated asset objects reloaded before import = 0Number of asset objects unloaded after import = 0

========================================================================
Received Prepare
Begin MonoManager ReloadAssembly
C:\build\output\Unity-Technologies\mono\mono\metadata\icall.c:1842:
C:\build\output\Unity-Technologies\mono\mono\metadata\icall.c:1842:
C:\build\output\Unity-Technologies\mono\mono\metadata\icall.c:1842:
C:\build\output\Unity-Technologies\mono\mono\metadata\icall.c:1842:
C:\build\output\Unity-Technologies\mono\mono\metadata\icall.c:1842:
C:\build\output\Unity-Technologies\mono\mono\metadata\icall.c:1842:
C:\build\output\Unity-Technologies\mono\mono\metadata\icall.c:1842:
C:\build\output\Unity-Technologies\mono\mono\metadata\icall.c:1842:
C:\build\output\Unity-Technologies\mono\mono\metadata\icall.c:1842:
C:\build\output\Unity-Technologies\mono\mono\metadata\icall.c:1842:
C:\build\output\Unity-Technologies\mono\mono\metadata\icall.c:1842:
C:\build\output\Unity-Technologies\mono\mono\metadata\icall.c:1842:
Symbol file LoadedFromMemory doesn't match image C:\Users\ACER\My animation\Library\PackageCache\com.unity.visualscripting@1.8.0\Editor\VisualScripting.Core\Dependencies\YamlDotNet\Unity.VisualScripting.YamlDotNet.dll
Symbol file LoadedFromMemory doesn't match image C:\Users\ACER\My animation\Library\PackageCache\com.unity.visualscripting@1.8.0\Editor\VisualScripting.Core\Dependencies\DotNetZip\Unity.VisualScripting.IonicZip.dll
- Loaded All Assemblies, in  2.065 seconds
Refreshing native plugins compatible for Editor in 1.66 ms, found 3 plugins.
Native extension for Android target not found
Native extension for WindowsStandalone target not found
Native extension for WebGL target not found
Mono: successfully reloaded assembly
- Finished resetting the current domain, in  1.233 seconds
Domain Reload Profiling: 3296ms
	BeginReloadAssembly (694ms)
		ExecutionOrderSort (0ms)
		DisableScriptedObjects (19ms)
		BackupInstance (0ms)
		ReleaseScriptingObjects (0ms)
		CreateAndSetChildDomain (184ms)
	RebuildCommonClasses (111ms)
	RebuildNativeTypeToScriptingClass (39ms)
	initialDomainReloadingComplete (69ms)
	LoadAllAssembliesAndSetupDomain (1149ms)
		LoadAssemblies (1135ms)
		RebuildTransferFunctionScriptingTraits (0ms)
		AnalyzeDomain (370ms)
			TypeCache.Refresh (19ms)
				TypeCache.ScanAssembly (1ms)
			BuildScriptInfoCaches (333ms)
			ResolveRequiredComponents (10ms)
	FinalizeReload (1234ms)
		ReleaseScriptCaches (0ms)
		RebuildScriptCaches (0ms)
		SetupLoadedEditorAssemblies (800ms)
			LogAssemblyErrors (0ms)
			InitializePlatformSupportModulesInManaged (46ms)
			SetLoadedEditorAssemblies (9ms)
			BeforeProcessingInitializeOnLoad (79ms)
			ProcessInitializeOnLoadAttributes (617ms)
			ProcessInitializeOnLoadMethodAttributes (43ms)
			AfterProcessingInitializeOnLoad (5ms)
			EditorAssembliesLoaded (0ms)
		ExecutionOrderSort2 (0ms)
		AwakeInstancesAfterBackupRestoration (17ms)
Refreshing native plugins compatible for Editor in 1.41 ms, found 3 plugins.
Preloading 0 native plugins for Editor in 0.00 ms.
Unloading 0 Unused Serialized files (Serialized files now loaded: 0)
Unloading 3129 unused Assets / (0.7 MB). Loaded Objects now: 3742.
Memory consumption went from 124.0 MB to 123.3 MB.
Total: 9.544500 ms (FindLiveObjects: 0.520200 ms CreateObjectMapping: 0.382600 ms MarkObjects: 7.372700 ms  DeleteObjects: 1.266500 ms)

Prepare: number of updated asset objects reloaded= 0
========================================================================
Received Import Request.
  Time since last request: 88.654133 seconds.
  path: Assets/Model/player.controller
  artifactKey: Guid(271974e026ad69c47b145ded83d026fc) Importer(815301076,1909f56bfc062723c751e8b465ee728b)
Start importing Assets/Model/player.controller using Guid(271974e026ad69c47b145ded83d026fc) Importer(815301076,1909f56bfc062723c751e8b465ee728b) (PreviewImporter) -> (artifact id: 'a107319a3d1f30e45d104bdfc6813910') in 0.0700825 seconds
Number of updated asset objects reloaded before import = 0Number of asset objects unloaded after import = 8

========================================================================
Received Import Request.
  Time since last request: 0.708569 seconds.
  path: Assets/Model/player.controller
  artifactKey: Guid(271974e026ad69c47b145ded83d026fc) Importer(815301076,1909f56bfc062723c751e8b465ee728b)
Start importing Assets/Model/player.controller using Guid(271974e026ad69c47b145ded83d026fc) Importer(815301076,1909f56bfc062723c751e8b465ee728b) (PreviewImporter) -> (artifact id: 'f29cbea478b45327ee7ef784f9a8221b') in 0.0063097 seconds
Number of updated asset objects reloaded before import = 0Number of asset objects unloaded after import = 8

========================================================================
Received Import Request.
  Time since last request: 11.411195 seconds.
  path: Assets/Model/Script/NewBehaviourScript.cs
  artifactKey: Guid(9d8020f823503db4bafb9796f86672fc) Importer(815301076,1909f56bfc062723c751e8b465ee728b)
Start importing Assets/Model/Script/NewBehaviourScript.cs using Guid(9d8020f823503db4bafb9796f86672fc) Importer(815301076,1909f56bfc062723c751e8b465ee728b) (PreviewImporter) -> (artifact id: 'e5ffd56f480bace53030d78580952749') in 0.001073 seconds
Number of updated asset objects reloaded before import = 0Number of asset objects unloaded after import = 0

========================================================================
Received Prepare
Refreshing native plugins compatible for Editor in 2.19 ms, found 3 plugins.
Preloading 0 native plugins for Editor in 0.00 ms.
Unloading 0 Unused Serialized files (Serialized files now loaded: 0)
Unloading 3124 unused Assets / (0.9 MB). Loaded Objects now: 3742.
Memory consumption went from 124.2 MB to 123.3 MB.
Total: 10.381400 ms (FindLiveObjects: 0.550400 ms CreateObjectMapping: 0.468500 ms MarkObjects: 7.175100 ms  DeleteObjects: 2.184900 ms)

Prepare: number of updated asset objects reloaded= 0
========================================================================
Received Import Request.
  Time since last request: 23.117242 seconds.
  path: Assets/Model/Script/CharactorMovement.cs
  artifactKey: Guid(9d8020f823503db4bafb9796f86672fc) Importer(815301076,1909f56bfc062723c751e8b465ee728b)
Start importing Assets/Model/Script/CharactorMovement.cs using Guid(9d8020f823503db4bafb9796f86672fc) Importer(815301076,1909f56bfc062723c751e8b465ee728b) (PreviewImporter) -> (artifact id: '56dd860d748384a748f9318da92bf934') in 0.0027055 seconds
Number of updated asset objects reloaded before import = 0Number of asset objects unloaded after import = 0

========================================================================
Received Prepare
Begin MonoManager ReloadAssembly
C:\build\output\Unity-Technologies\mono\mono\metadata\icall.c:1842:
C:\build\output\Unity-Technologies\mono\mono\metadata\icall.c:1842:
C:\build\output\Unity-Technologies\mono\mono\metadata\icall.c:1842:
C:\build\output\Unity-Technologies\mono\mono\metadata\icall.c:1842:
C:\build\output\Unity-Technologies\mono\mono\metadata\icall.c:1842:
C:\build\output\Unity-Technologies\mono\mono\metadata\icall.c:1842:
C:\build\output\Unity-Technologies\mono\mono\metadata\icall.c:1842:
C:\build\output\Unity-Technologies\mono\mono\metadata\icall.c:1842:
C:\build\output\Unity-Technologies\mono\mono\metadata\icall.c:1842:
C:\build\output\Unity-Technologies\mono\mono\metadata\icall.c:1842:
C:\build\output\Unity-Technologies\mono\mono\metadata\icall.c:1842:
C:\build\output\Unity-Technologies\mono\mono\metadata\icall.c:1842:
Symbol file LoadedFromMemory doesn't match image C:\Users\ACER\My animation\Library\PackageCache\com.unity.visualscripting@1.8.0\Editor\VisualScripting.Core\Dependencies\YamlDotNet\Unity.VisualScripting.YamlDotNet.dll
Symbol file LoadedFromMemory doesn't match image C:\Users\ACER\My animation\Library\PackageCache\com.unity.visualscripting@1.8.0\Editor\VisualScripting.Core\Dependencies\DotNetZip\Unity.VisualScripting.IonicZip.dll
- Loaded All Assemblies, in  3.636 seconds
Refreshing native plugins compatible for Editor in 2.31 ms, found 3 plugins.
Native extension for Android target not found
Native extension for WindowsStandalone target not found
Native extension for WebGL target not found
Mono: successfully reloaded assembly
- Finished resetting the current domain, in  6.383 seconds
Domain Reload Profiling: 9992ms
	BeginReloadAssembly (1620ms)
		ExecutionOrderSort (0ms)
		DisableScriptedObjects (26ms)
		BackupInstance (0ms)
		ReleaseScriptingObjects (0ms)
		CreateAndSetChildDomain (174ms)
	RebuildCommonClasses (284ms)
	RebuildNativeTypeToScriptingClass (58ms)
	initialDomainReloadingComplete (112ms)
	LoadAllAssembliesAndSetupDomain (1535ms)
		LoadAssemblies (2088ms)
		RebuildTransferFunctionScriptingTraits (0ms)
		AnalyzeDomain (428ms)
			TypeCache.Refresh (14ms)
				TypeCache.ScanAssembly (0ms)
			BuildScriptInfoCaches (391ms)
			ResolveRequiredComponents (16ms)
	FinalizeReload (6384ms)
		ReleaseScriptCaches (0ms)
		RebuildScriptCaches (0ms)
		SetupLoadedEditorAssemblies (5599ms)
			LogAssemblyErrors (0ms)
			InitializePlatformSupportModulesInManaged (73ms)
			SetLoadedEditorAssemblies (19ms)
			BeforeProcessingInitializeOnLoad (133ms)
			ProcessInitializeOnLoadAttributes (5303ms)
			ProcessInitializeOnLoadMethodAttributes (65ms)
			AfterProcessingInitializeOnLoad (6ms)
			EditorAssembliesLoaded (1ms)
		ExecutionOrderSort2 (0ms)
		AwakeInstancesAfterBackupRestoration (24ms)
Refreshing native plugins compatible for Editor in 2.55 ms, found 3 plugins.
Preloading 0 native plugins for Editor in 0.00 ms.
Unloading 0 Unused Serialized files (Serialized files now loaded: 0)
Unloading 3129 unused Assets / (0.8 MB). Loaded Objects now: 3742.
Memory consumption went from 125.9 MB to 125.1 MB.
Total: 14.985600 ms (FindLiveObjects: 1.255800 ms CreateObjectMapping: 0.869700 ms MarkObjects: 10.295200 ms  DeleteObjects: 2.561900 ms)

Prepare: number of updated asset objects reloaded= 0
========================================================================
Received Import Request.
  Time since last request: 27.825776 seconds.
  path: Assets/Model/Script/CharactorMovement.cs
  artifactKey: Guid(9d8020f823503db4bafb9796f86672fc) Importer(815301076,1909f56bfc062723c751e8b465ee728b)
Start importing Assets/Model/Script/CharactorMovement.cs using Guid(9d8020f823503db4bafb9796f86672fc) Importer(815301076,1909f56bfc062723c751e8b465ee728b) (PreviewImporter) -> (artifact id: '42b395467be2f3a3c9b452411cd27253') in 0.0060139 seconds
Number of updated asset objects reloaded before import = 0Number of asset objects unloaded after import = 0

========================================================================
Received Prepare
Begin MonoManager ReloadAssembly
C:\build\output\Unity-Technologies\mono\mono\metadata\icall.c:1842:
C:\build\output\Unity-Technologies\mono\mono\metadata\icall.c:1842:
C:\build\output\Unity-Technologies\mono\mono\metadata\icall.c:1842:
C:\build\output\Unity-Technologies\mono\mono\metadata\icall.c:1842:
C:\build\output\Unity-Technologies\mono\mono\metadata\icall.c:1842:
C:\build\output\Unity-Technologies\mono\mono\metadata\icall.c:1842:
C:\build\output\Unity-Technologies\mono\mono\metadata\icall.c:1842:
C:\build\output\Unity-Technologies\mono\mono\metadata\icall.c:1842:
C:\build\output\Unity-Technologies\mono\mono\metadata\icall.c:1842:
C:\build\output\Unity-Technologies\mono\mono\metadata\icall.c:1842:
C:\build\output\Unity-Technologies\mono\mono\metadata\icall.c:1842:
C:\build\output\Unity-Technologies\mono\mono\metadata\icall.c:1842:
Symbol file LoadedFromMemory doesn't match image C:\Users\ACER\My animation\Library\PackageCache\com.unity.visualscripting@1.8.0\Editor\VisualScripting.Core\Dependencies\YamlDotNet\Unity.VisualScripting.YamlDotNet.dll
Symbol file LoadedFromMemory doesn't match image C:\Users\ACER\My animation\Library\PackageCache\com.unity.visualscripting@1.8.0\Editor\VisualScripting.Core\Dependencies\DotNetZip\Unity.VisualScripting.IonicZip.dll
- Loaded All Assemblies, in  2.349 seconds
Refreshing native plugins compatible for Editor in 3.09 ms, found 3 plugins.
Native extension for Android target not found
Native extension for WindowsStandalone target not found
Native extension for WebGL target not found
Mono: successfully reloaded assembly
- Finished resetting the current domain, in  1.897 seconds
Domain Reload Profiling: 4244ms
	BeginReloadAssembly (738ms)
		ExecutionOrderSort (0ms)
		DisableScriptedObjects (14ms)
		BackupInstance (0ms)
		ReleaseScriptingObjects (0ms)
		CreateAndSetChildDomain (128ms)
	RebuildCommonClasses (589ms)
	RebuildNativeTypeToScriptingClass (61ms)
	initialDomainReloadingComplete (102ms)
	LoadAllAssembliesAndSetupDomain (856ms)
		LoadAssemblies (1019ms)
		RebuildTransferFunctionScriptingTraits (0ms)
		AnalyzeDomain (334ms)
			TypeCache.Refresh (14ms)
				TypeCache.ScanAssembly (0ms)
			BuildScriptInfoCaches (296ms)
			ResolveRequiredComponents (17ms)
	FinalizeReload (1898ms)
		ReleaseScriptCaches (0ms)
		RebuildScriptCaches (0ms)
		SetupLoadedEditorAssemblies (1257ms)
			LogAssemblyErrors (0ms)
			InitializePlatformSupportModulesInManaged (68ms)
			SetLoadedEditorAssemblies (12ms)
			BeforeProcessingInitializeOnLoad (111ms)
			ProcessInitializeOnLoadAttributes (998ms)
			ProcessInitializeOnLoadMethodAttributes (61ms)
			AfterProcessingInitializeOnLoad (6ms)
			EditorAssembliesLoaded (0ms)
		ExecutionOrderSort2 (0ms)
		AwakeInstancesAfterBackupRestoration (24ms)
Refreshing native plugins compatible for Editor in 2.19 ms, found 3 plugins.
Preloading 0 native plugins for Editor in 0.00 ms.
Unloading 0 Unused Serialized files (Serialized files now loaded: 0)
Unloading 3129 unused Assets / (0.5 MB). Loaded Objects now: 3742.
Memory consumption went from 127.8 MB to 127.3 MB.
Total: 13.629000 ms (FindLiveObjects: 0.537800 ms CreateObjectMapping: 0.588300 ms MarkObjects: 9.530600 ms  DeleteObjects: 2.969500 ms)

Prepare: number of updated asset objects reloaded= 0
========================================================================
Received Import Request.
  Time since last request: 45.406199 seconds.
  path: Assets/Model/Script/CharactorMovement.cs
  artifactKey: Guid(9d8020f823503db4bafb9796f86672fc) Importer(815301076,1909f56bfc062723c751e8b465ee728b)
Start importing Assets/Model/Script/CharactorMovement.cs using Guid(9d8020f823503db4bafb9796f86672fc) Importer(815301076,1909f56bfc062723c751e8b465ee728b) (PreviewImporter) -> (artifact id: 'c2e52a906ad8051780a41f7e9c70a066') in 0.0053194 seconds
Number of updated asset objects reloaded before import = 0Number of asset objects unloaded after import = 0

========================================================================
Received Prepare
Begin MonoManager ReloadAssembly
C:\build\output\Unity-Technologies\mono\mono\metadata\icall.c:1842:
C:\build\output\Unity-Technologies\mono\mono\metadata\icall.c:1842:
C:\build\output\Unity-Technologies\mono\mono\metadata\icall.c:1842:
C:\build\output\Unity-Technologies\mono\mono\metadata\icall.c:1842:
C:\build\output\Unity-Technologies\mono\mono\metadata\icall.c:1842:
C:\build\output\Unity-Technologies\mono\mono\metadata\icall.c:1842:
C:\build\output\Unity-Technologies\mono\mono\metadata\icall.c:1842:
C:\build\output\Unity-Technologies\mono\mono\metadata\icall.c:1842:
C:\build\output\Unity-Technologies\mono\mono\metadata\icall.c:1842:
C:\build\output\Unity-Technologies\mono\mono\metadata\icall.c:1842:
C:\build\output\Unity-Technologies\mono\mono\metadata\icall.c:1842:
C:\build\output\Unity-Technologies\mono\mono\metadata\icall.c:1842:
Symbol file LoadedFromMemory doesn't match image C:\Users\ACER\My animation\Library\PackageCache\com.unity.visualscripting@1.8.0\Editor\VisualScripting.Core\Dependencies\YamlDotNet\Unity.VisualScripting.YamlDotNet.dll
Symbol file LoadedFromMemory doesn't match image C:\Users\ACER\My animation\Library\PackageCache\com.unity.visualscripting@1.8.0\Editor\VisualScripting.Core\Dependencies\DotNetZip\Unity.VisualScripting.IonicZip.dll
- Loaded All Assemblies, in  1.402 seconds
Refreshing native plugins compatible for Editor in 1.81 ms, found 3 plugins.
Native extension for Android target not found
Native extension for WindowsStandalone target not found
Native extension for WebGL target not found
Mono: successfully reloaded assembly
- Finished resetting the current domain, in  2.165 seconds
Domain Reload Profiling: 3565ms
	BeginReloadAssembly (432ms)
		ExecutionOrderSort (0ms)
		DisableScriptedObjects (17ms)
		BackupInstance (0ms)
		ReleaseScriptingObjects (0ms)
		CreateAndSetChildDomain (94ms)
	RebuildCommonClasses (92ms)
	RebuildNativeTypeToScriptingClass (34ms)
	initialDomainReloadingComplete (66ms)
	LoadAllAssembliesAndSetupDomain (775ms)
		LoadAssemblies (707ms)
		RebuildTransferFunctionScriptingTraits (0ms)
		AnalyzeDomain (311ms)
			TypeCache.Refresh (11ms)
				TypeCache.ScanAssembly (0ms)
			BuildScriptInfoCaches (286ms)
			ResolveRequiredComponents (9ms)
	FinalizeReload (2166ms)
		ReleaseScriptCaches (0ms)
		RebuildScriptCaches (0ms)
		SetupLoadedEditorAssemblies (1495ms)
			LogAssemblyErrors (0ms)
			InitializePlatformSupportModulesInManaged (72ms)
			SetLoadedEditorAssemblies (16ms)
			BeforeProcessingInitializeOnLoad (152ms)
			ProcessInitializeOnLoadAttributes (1162ms)
			ProcessInitializeOnLoadMethodAttributes (83ms)
			AfterProcessingInitializeOnLoad (9ms)
			EditorAssembliesLoaded (0ms)
		ExecutionOrderSort2 (0ms)
		AwakeInstancesAfterBackupRestoration (32ms)
Refreshing native plugins compatible for Editor in 3.33 ms, found 3 plugins.
Preloading 0 native plugins for Editor in 0.00 ms.
Unloading 0 Unused Serialized files (Serialized files now loaded: 0)
Unloading 3129 unused Assets / (0.6 MB). Loaded Objects now: 3742.
Memory consumption went from 129.8 MB to 129.2 MB.
Total: 17.036300 ms (FindLiveObjects: 0.946900 ms CreateObjectMapping: 0.845000 ms MarkObjects: 12.986200 ms  DeleteObjects: 2.255600 ms)

Prepare: number of updated asset objects reloaded= 0
========================================================================
Received Import Request.
  Time since last request: 124.115857 seconds.
  path: Assets/Model/Materials/Grounds.mat
  artifactKey: Guid(ecf88b3ca09e43a41aee3ffbf4a5b272) Importer(815301076,1909f56bfc062723c751e8b465ee728b)
Start importing Assets/Model/Materials/Grounds.mat using Guid(ecf88b3ca09e43a41aee3ffbf4a5b272) Importer(815301076,1909f56bfc062723c751e8b465ee728b) (PreviewImporter) -> (artifact id: 'ef4f817809fed66886cd3493d99918e0') in 0.3655805 seconds
Number of updated asset objects reloaded before import = 0Number of asset objects unloaded after import = 2

========================================================================
Received Import Request.
  Time since last request: 29.085387 seconds.
  path: Assets/Model/none-Run.fbx
  artifactKey: Guid(163c4f4c389519c4bbb16af7e40f6afb) Importer(815301076,1909f56bfc062723c751e8b465ee728b)
Start importing Assets/Model/none-Run.fbx using Guid(163c4f4c389519c4bbb16af7e40f6afb) Importer(815301076,1909f56bfc062723c751e8b465ee728b) (PreviewImporter) -> (artifact id: 'bccd5f3c267f3b5484f317022a09e5e5') in 0.0248008 seconds
Number of updated asset objects reloaded before import = 0Number of asset objects unloaded after import = 135

========================================================================
Received Prepare
Begin MonoManager ReloadAssembly
C:\build\output\Unity-Technologies\mono\mono\metadata\icall.c:1842:
C:\build\output\Unity-Technologies\mono\mono\metadata\icall.c:1842:
C:\build\output\Unity-Technologies\mono\mono\metadata\icall.c:1842:
C:\build\output\Unity-Technologies\mono\mono\metadata\icall.c:1842:
C:\build\output\Unity-Technologies\mono\mono\metadata\icall.c:1842:
C:\build\output\Unity-Technologies\mono\mono\metadata\icall.c:1842:
C:\build\output\Unity-Technologies\mono\mono\metadata\icall.c:1842:
C:\build\output\Unity-Technologies\mono\mono\metadata\icall.c:1842:
C:\build\output\Unity-Technologies\mono\mono\metadata\icall.c:1842:
C:\build\output\Unity-Technologies\mono\mono\metadata\icall.c:1842:
C:\build\output\Unity-Technologies\mono\mono\metadata\icall.c:1842:
C:\build\output\Unity-Technologies\mono\mono\metadata\icall.c:1842:
Symbol file LoadedFromMemory doesn't match image C:\Users\ACER\My animation\Library\PackageCache\com.unity.visualscripting@1.8.0\Editor\VisualScripting.Core\Dependencies\YamlDotNet\Unity.VisualScripting.YamlDotNet.dll
Symbol file LoadedFromMemory doesn't match image C:\Users\ACER\My animation\Library\PackageCache\com.unity.visualscripting@1.8.0\Editor\VisualScripting.Core\Dependencies\DotNetZip\Unity.VisualScripting.IonicZip.dll
- Loaded All Assemblies, in  1.439 seconds
Refreshing native plugins compatible for Editor in 1.55 ms, found 3 plugins.
Native extension for Android target not found
Native extension for WindowsStandalone target not found
Native extension for WebGL target not found
Mono: successfully reloaded assembly
- Finished resetting the current domain, in  1.782 seconds
Domain Reload Profiling: 3219ms
	BeginReloadAssembly (432ms)
		ExecutionOrderSort (0ms)
		DisableScriptedObjects (13ms)
		BackupInstance (0ms)
		ReleaseScriptingObjects (0ms)
		CreateAndSetChildDomain (85ms)
	RebuildCommonClasses (103ms)
	RebuildNativeTypeToScriptingClass (36ms)
	initialDomainReloadingComplete (55ms)
	LoadAllAssembliesAndSetupDomain (809ms)
		LoadAssemblies (725ms)
		RebuildTransferFunctionScriptingTraits (0ms)
		AnalyzeDomain (342ms)
			TypeCache.Refresh (12ms)
				TypeCache.ScanAssembly (0ms)
			BuildScriptInfoCaches (308ms)
			ResolveRequiredComponents (15ms)
	FinalizeReload (1784ms)
		ReleaseScriptCaches (0ms)
		RebuildScriptCaches (0ms)
		SetupLoadedEditorAssemblies (1122ms)
			LogAssemblyErrors (0ms)
			InitializePlatformSupportModulesInManaged (50ms)
			SetLoadedEditorAssemblies (10ms)
			BeforeProcessingInitializeOnLoad (98ms)
			ProcessInitializeOnLoadAttributes (880ms)
			ProcessInitializeOnLoadMethodAttributes (78ms)
			AfterProcessingInitializeOnLoad (6ms)
			EditorAssembliesLoaded (1ms)
		ExecutionOrderSort2 (0ms)
		AwakeInstancesAfterBackupRestoration (26ms)
Refreshing native plugins compatible for Editor in 1.82 ms, found 3 plugins.
Preloading 0 native plugins for Editor in 0.00 ms.
Unloading 0 Unused Serialized files (Serialized files now loaded: 0)
Unloading 3129 unused Assets / (0.8 MB). Loaded Objects now: 3742.
Memory consumption went from 131.7 MB to 130.9 MB.
Total: 14.868700 ms (FindLiveObjects: 1.060600 ms CreateObjectMapping: 1.008600 ms MarkObjects: 9.701700 ms  DeleteObjects: 3.094600 ms)

Prepare: number of updated asset objects reloaded= 0
========================================================================
Received Import Request.
  Time since last request: 264.466307 seconds.
  path: Assets/Model/sounds
  artifactKey: Guid(0b42edde97e700e4ba46042743821f91) Importer(815301076,1909f56bfc062723c751e8b465ee728b)
Start importing Assets/Model/sounds using Guid(0b42edde97e700e4ba46042743821f91) Importer(815301076,1909f56bfc062723c751e8b465ee728b) (PreviewImporter) -> (artifact id: '0cea3d57b91893b07361bdd6c1001711') in 0.0073551 seconds
Number of updated asset objects reloaded before import = 0Number of asset objects unloaded after import = 0

========================================================================
Received Import Request.
  Time since last request: 20.819595 seconds.
  path: Assets/Model/Sounds
  artifactKey: Guid(0b42edde97e700e4ba46042743821f91) Importer(815301076,1909f56bfc062723c751e8b465ee728b)
Start importing Assets/Model/Sounds using Guid(0b42edde97e700e4ba46042743821f91) Importer(815301076,1909f56bfc062723c751e8b465ee728b) (PreviewImporter) -> (artifact id: '4fd430fc1d592bd687a7c7114eb5dd55') in 0.0014384 seconds
Number of updated asset objects reloaded before import = 0Number of asset objects unloaded after import = 0

========================================================================
Received Import Request.
  Time since last request: 17.758729 seconds.
  path: Assets/Model/Sounds/for-future-bass-159125.mp3
  artifactKey: Guid(64db45540cb838b49ac592975db77c62) Importer(815301076,1909f56bfc062723c751e8b465ee728b)
Start importing Assets/Model/Sounds/for-future-bass-159125.mp3 using Guid(64db45540cb838b49ac592975db77c62) Importer(815301076,1909f56bfc062723c751e8b465ee728b) (PreviewImporter) -> (artifact id: '250f887a3bd19e0770472c5df5c76d37') in 0.4406336 seconds
Number of updated asset objects reloaded before import = 0Number of asset objects unloaded after import = 2

========================================================================
Received Import Request.
  Time since last request: 0.000052 seconds.
  path: Assets/Model/Sounds/indoor-footsteps-6385.mp3
  artifactKey: Guid(5499d37c59a2bb44d83463abda70a1a6) Importer(815301076,1909f56bfc062723c751e8b465ee728b)
Start importing Assets/Model/Sounds/indoor-footsteps-6385.mp3 using Guid(5499d37c59a2bb44d83463abda70a1a6) Importer(815301076,1909f56bfc062723c751e8b465ee728b) (PreviewImporter) -> (artifact id: '0dc4468a5f36afe6fdeb63f75b6f6206') in 0.0362994 seconds
Number of updated asset objects reloaded before import = 0Number of asset objects unloaded after import = 2

========================================================================
Received Import Request.
  Time since last request: 196.380489 seconds.
  path: Assets/Model/Sounds/indoor-footsteps-6385.mp3
  artifactKey: Guid(5499d37c59a2bb44d83463abda70a1a6) Importer(815301076,1909f56bfc062723c751e8b465ee728b)
Start importing Assets/Model/Sounds/indoor-footsteps-6385.mp3 using Guid(5499d37c59a2bb44d83463abda70a1a6) Importer(815301076,1909f56bfc062723c751e8b465ee728b) (PreviewImporter) -> (artifact id: '97b5264082d97b0be60bc26f87bd54f9') in 0.0181832 seconds
Number of updated asset objects reloaded before import = 0Number of asset objects unloaded after import = 2

========================================================================
Received Prepare
Refreshing native plugins compatible for Editor in 1.75 ms, found 3 plugins.
Preloading 0 native plugins for Editor in 0.00 ms.
Unloading 0 Unused Serialized files (Serialized files now loaded: 0)
Unloading 3125 unused Assets / (1.0 MB). Loaded Objects now: 3746.
Memory consumption went from 132.2 MB to 131.2 MB.
Total: 13.801700 ms (FindLiveObjects: 0.601700 ms CreateObjectMapping: 0.558800 ms MarkObjects: 10.097300 ms  DeleteObjects: 2.540800 ms)

Prepare: number of updated asset objects reloaded= 0
========================================================================
Received Import Request.
  Time since last request: 59.092437 seconds.
  path: Assets/Model/Sounds/Sound.cs
  artifactKey: Guid(c33a208dfd440194084759c3191e5608) Importer(815301076,1909f56bfc062723c751e8b465ee728b)
Start importing Assets/Model/Sounds/Sound.cs using Guid(c33a208dfd440194084759c3191e5608) Importer(815301076,1909f56bfc062723c751e8b465ee728b) (PreviewImporter) -> (artifact id: 'ea251953cb7d89ba32b14b4394cae238') in 0.0019951 seconds
Number of updated asset objects reloaded before import = 0Number of asset objects unloaded after import = 0

========================================================================
Received Prepare
Begin MonoManager ReloadAssembly
C:\build\output\Unity-Technologies\mono\mono\metadata\icall.c:1842:
C:\build\output\Unity-Technologies\mono\mono\metadata\icall.c:1842:
C:\build\output\Unity-Technologies\mono\mono\metadata\icall.c:1842:
C:\build\output\Unity-Technologies\mono\mono\metadata\icall.c:1842:
C:\build\output\Unity-Technologies\mono\mono\metadata\icall.c:1842:
C:\build\output\Unity-Technologies\mono\mono\metadata\icall.c:1842:
C:\build\output\Unity-Technologies\mono\mono\metadata\icall.c:1842:
C:\build\output\Unity-Technologies\mono\mono\metadata\icall.c:1842:
C:\build\output\Unity-Technologies\mono\mono\metadata\icall.c:1842:
C:\build\output\Unity-Technologies\mono\mono\metadata\icall.c:1842:
C:\build\output\Unity-Technologies\mono\mono\metadata\icall.c:1842:
C:\build\output\Unity-Technologies\mono\mono\metadata\icall.c:1842:
Symbol file LoadedFromMemory doesn't match image C:\Users\ACER\My animation\Library\PackageCache\com.unity.visualscripting@1.8.0\Editor\VisualScripting.Core\Dependencies\YamlDotNet\Unity.VisualScripting.YamlDotNet.dll
Symbol file LoadedFromMemory doesn't match image C:\Users\ACER\My animation\Library\PackageCache\com.unity.visualscripting@1.8.0\Editor\VisualScripting.Core\Dependencies\DotNetZip\Unity.VisualScripting.IonicZip.dll
- Loaded All Assemblies, in  2.092 seconds
Refreshing native plugins compatible for Editor in 3.69 ms, found 3 plugins.
Native extension for Android target not found
Native extension for WindowsStandalone target not found
Native extension for WebGL target not found
Mono: successfully reloaded assembly
- Finished resetting the current domain, in  3.824 seconds
Domain Reload Profiling: 5912ms
	BeginReloadAssembly (684ms)
		ExecutionOrderSort (0ms)
		DisableScriptedObjects (29ms)
		BackupInstance (0ms)
		ReleaseScriptingObjects (0ms)
		CreateAndSetChildDomain (116ms)
	RebuildCommonClasses (196ms)
	RebuildNativeTypeToScriptingClass (74ms)
	initialDomainReloadingComplete (83ms)
	LoadAllAssembliesAndSetupDomain (1049ms)
		LoadAssemblies (1021ms)
		RebuildTransferFunctionScriptingTraits (0ms)
		AnalyzeDomain (455ms)
			TypeCache.Refresh (19ms)
				TypeCache.ScanAssembly (0ms)
			BuildScriptInfoCaches (420ms)
			ResolveRequiredComponents (11ms)
	FinalizeReload (3825ms)
		ReleaseScriptCaches (0ms)
		RebuildScriptCaches (0ms)
		SetupLoadedEditorAssemblies (2980ms)
			LogAssemblyErrors (0ms)
			InitializePlatformSupportModulesInManaged (123ms)
			SetLoadedEditorAssemblies (18ms)
			BeforeProcessingInitializeOnLoad (183ms)
			ProcessInitializeOnLoadAttributes (2563ms)
			ProcessInitializeOnLoadMethodAttributes (83ms)
			AfterProcessingInitializeOnLoad (9ms)
			EditorAssembliesLoaded (1ms)
		ExecutionOrderSort2 (0ms)
		AwakeInstancesAfterBackupRestoration (28ms)
Refreshing native plugins compatible for Editor in 2.73 ms, found 3 plugins.
Preloading 0 native plugins for Editor in 0.00 ms.
Unloading 0 Unused Serialized files (Serialized files now loaded: 0)
Unloading 3130 unused Assets / (1.2 MB). Loaded Objects now: 3745.
Memory consumption went from 133.7 MB to 132.5 MB.
Total: 15.401500 ms (FindLiveObjects: 1.409300 ms CreateObjectMapping: 1.302400 ms MarkObjects: 9.921000 ms  DeleteObjects: 2.765500 ms)

Prepare: number of updated asset objects reloaded= 0
========================================================================
Received Import Request.
  Time since last request: 19.315029 seconds.
  path: Assets/Model/Sounds/Sound.cs
  artifactKey: Guid(c33a208dfd440194084759c3191e5608) Importer(815301076,1909f56bfc062723c751e8b465ee728b)
Start importing Assets/Model/Sounds/Sound.cs using Guid(c33a208dfd440194084759c3191e5608) Importer(815301076,1909f56bfc062723c751e8b465ee728b) (PreviewImporter) -> (artifact id: '2ba6c2ee1f6339b4acd4ffb618f3eebe') in 0.0060831 seconds
Number of updated asset objects reloaded before import = 0Number of asset objects unloaded after import = 0

========================================================================
Received Prepare
Begin MonoManager ReloadAssembly
C:\build\output\Unity-Technologies\mono\mono\metadata\icall.c:1842:
C:\build\output\Unity-Technologies\mono\mono\metadata\icall.c:1842:
C:\build\output\Unity-Technologies\mono\mono\metadata\icall.c:1842:
C:\build\output\Unity-Technologies\mono\mono\metadata\icall.c:1842:
C:\build\output\Unity-Technologies\mono\mono\metadata\icall.c:1842:
C:\build\output\Unity-Technologies\mono\mono\metadata\icall.c:1842:
C:\build\output\Unity-Technologies\mono\mono\metadata\icall.c:1842:
C:\build\output\Unity-Technologies\mono\mono\metadata\icall.c:1842:
C:\build\output\Unity-Technologies\mono\mono\metadata\icall.c:1842:
C:\build\output\Unity-Technologies\mono\mono\metadata\icall.c:1842:
C:\build\output\Unity-Technologies\mono\mono\metadata\icall.c:1842:
C:\build\output\Unity-Technologies\mono\mono\metadata\icall.c:1842:
Symbol file LoadedFromMemory doesn't match image C:\Users\ACER\My animation\Library\PackageCache\com.unity.visualscripting@1.8.0\Editor\VisualScripting.Core\Dependencies\YamlDotNet\Unity.VisualScripting.YamlDotNet.dll
Symbol file LoadedFromMemory doesn't match image C:\Users\ACER\My animation\Library\PackageCache\com.unity.visualscripting@1.8.0\Editor\VisualScripting.Core\Dependencies\DotNetZip\Unity.VisualScripting.IonicZip.dll
- Loaded All Assemblies, in  1.491 seconds
Refreshing native plugins compatible for Editor in 1.49 ms, found 3 plugins.
Native extension for Android target not found
Native extension for WindowsStandalone target not found
Native extension for WebGL target not found
Mono: successfully reloaded assembly
- Finished resetting the current domain, in  1.829 seconds
Domain Reload Profiling: 3318ms
	BeginReloadAssembly (484ms)
		ExecutionOrderSort (0ms)
		DisableScriptedObjects (15ms)
		BackupInstance (0ms)
		ReleaseScriptingObjects (0ms)
		CreateAndSetChildDomain (86ms)
	RebuildCommonClasses (98ms)
	RebuildNativeTypeToScriptingClass (33ms)
	initialDomainReloadingComplete (55ms)
	LoadAllAssembliesAndSetupDomain (819ms)
		LoadAssemblies (770ms)
		RebuildTransferFunctionScriptingTraits (0ms)
		AnalyzeDomain (327ms)
			TypeCache.Refresh (19ms)
				TypeCache.ScanAssembly (0ms)
			BuildScriptInfoCaches (288ms)
			ResolveRequiredComponents (15ms)
	FinalizeReload (1830ms)
		ReleaseScriptCaches (0ms)
		RebuildScriptCaches (0ms)
		SetupLoadedEditorAssemblies (1207ms)
			LogAssemblyErrors (0ms)
			InitializePlatformSupportModulesInManaged (59ms)
			SetLoadedEditorAssemblies (10ms)
			BeforeProcessingInitializeOnLoad (113ms)
			ProcessInitializeOnLoadAttributes (954ms)
			ProcessInitializeOnLoadMethodAttributes (61ms)
			AfterProcessingInitializeOnLoad (8ms)
			EditorAssembliesLoaded (0ms)
		ExecutionOrderSort2 (0ms)
		AwakeInstancesAfterBackupRestoration (22ms)
Refreshing native plugins compatible for Editor in 1.81 ms, found 3 plugins.
Preloading 0 native plugins for Editor in 0.00 ms.
Unloading 0 Unused Serialized files (Serialized files now loaded: 0)
Unloading 3130 unused Assets / (1.0 MB). Loaded Objects now: 3745.
Memory consumption went from 135.6 MB to 134.6 MB.
Total: 13.756000 ms (FindLiveObjects: 1.063600 ms CreateObjectMapping: 0.681400 ms MarkObjects: 9.532000 ms  DeleteObjects: 2.449100 ms)

Prepare: number of updated asset objects reloaded= 0
========================================================================
Received Import Request.
  Time since last request: 132.827048 seconds.
  path: Assets/Model/Sounds/Sound.cs
  artifactKey: Guid(c33a208dfd440194084759c3191e5608) Importer(815301076,1909f56bfc062723c751e8b465ee728b)
Start importing Assets/Model/Sounds/Sound.cs using Guid(c33a208dfd440194084759c3191e5608) Importer(815301076,1909f56bfc062723c751e8b465ee728b) (PreviewImporter) -> (artifact id: '8209ccc79015836ab339e635e432ac24') in 0.0062523 seconds
Number of updated asset objects reloaded before import = 0Number of asset objects unloaded after import = 0

========================================================================
Received Prepare
Begin MonoManager ReloadAssembly
C:\build\output\Unity-Technologies\mono\mono\metadata\icall.c:1842:
C:\build\output\Unity-Technologies\mono\mono\metadata\icall.c:1842:
C:\build\output\Unity-Technologies\mono\mono\metadata\icall.c:1842:
C:\build\output\Unity-Technologies\mono\mono\metadata\icall.c:1842:
C:\build\output\Unity-Technologies\mono\mono\metadata\icall.c:1842:
C:\build\output\Unity-Technologies\mono\mono\metadata\icall.c:1842:
C:\build\output\Unity-Technologies\mono\mono\metadata\icall.c:1842:
C:\build\output\Unity-Technologies\mono\mono\metadata\icall.c:1842:
C:\build\output\Unity-Technologies\mono\mono\metadata\icall.c:1842:
C:\build\output\Unity-Technologies\mono\mono\metadata\icall.c:1842:
C:\build\output\Unity-Technologies\mono\mono\metadata\icall.c:1842:
C:\build\output\Unity-Technologies\mono\mono\metadata\icall.c:1842:
Symbol file LoadedFromMemory doesn't match image C:\Users\ACER\My animation\Library\PackageCache\com.unity.visualscripting@1.8.0\Editor\VisualScripting.Core\Dependencies\YamlDotNet\Unity.VisualScripting.YamlDotNet.dll
Symbol file LoadedFromMemory doesn't match image C:\Users\ACER\My animation\Library\PackageCache\com.unity.visualscripting@1.8.0\Editor\VisualScripting.Core\Dependencies\DotNetZip\Unity.VisualScripting.IonicZip.dll
- Loaded All Assemblies, in  1.388 seconds
Refreshing native plugins compatible for Editor in 1.40 ms, found 3 plugins.
Native extension for Android target not found
Native extension for WindowsStandalone target not found
Native extension for WebGL target not found
Mono: successfully reloaded assembly
- Finished resetting the current domain, in  1.994 seconds
Domain Reload Profiling: 3383ms
	BeginReloadAssembly (428ms)
		ExecutionOrderSort (0ms)
		DisableScriptedObjects (13ms)
		BackupInstance (0ms)
		ReleaseScriptingObjects (0ms)
		CreateAndSetChildDomain (84ms)
	RebuildCommonClasses (82ms)
	RebuildNativeTypeToScriptingClass (38ms)
	initialDomainReloadingComplete (58ms)
	LoadAllAssembliesAndSetupDomain (782ms)
		LoadAssemblies (706ms)
		RebuildTransferFunctionScriptingTraits (0ms)
		AnalyzeDomain (331ms)
			TypeCache.Refresh (12ms)
				TypeCache.ScanAssembly (0ms)
			BuildScriptInfoCaches (300ms)
			ResolveRequiredComponents (14ms)
	FinalizeReload (1995ms)
		ReleaseScriptCaches (0ms)
		RebuildScriptCaches (0ms)
		SetupLoadedEditorAssemblies (1352ms)
			LogAssemblyErrors (0ms)
			InitializePlatformSupportModulesInManaged (65ms)
			SetLoadedEditorAssemblies (13ms)
			BeforeProcessingInitializeOnLoad (113ms)
			ProcessInitializeOnLoadAttributes (1077ms)
			ProcessInitializeOnLoadMethodAttributes (74ms)
			AfterProcessingInitializeOnLoad (10ms)
			EditorAssembliesLoaded (0ms)
		ExecutionOrderSort2 (0ms)
		AwakeInstancesAfterBackupRestoration (30ms)
Refreshing native plugins compatible for Editor in 1.92 ms, found 3 plugins.
Preloading 0 native plugins for Editor in 0.00 ms.
Unloading 0 Unused Serialized files (Serialized files now loaded: 0)
Unloading 3130 unused Assets / (1.0 MB). Loaded Objects now: 3745.
Memory consumption went from 137.5 MB to 136.5 MB.
Total: 15.318400 ms (FindLiveObjects: 0.802800 ms CreateObjectMapping: 0.749800 ms MarkObjects: 11.368000 ms  DeleteObjects: 2.395400 ms)

Prepare: number of updated asset objects reloaded= 0
